  Astar.cpp
C:\Users\Kotori\source\repos\Astar\Astar.cpp(23,21): warning C4018: '<': signed/unsigned mismatch
C:\Users\Kotori\source\repos\Astar\Astar.cpp(59,21): warning C4018: '<': signed/unsigned mismatch
C:\Users\Kotori\source\repos\Astar\Astar.cpp(72,24): warning C4018: '<': signed/unsigned mismatch
C:\Users\Kotori\source\repos\Astar\Astar.cpp(84,25): warning C4018: '<': signed/unsigned mismatch
  GameManager.cpp
  Graphics.cpp
C:\Users\Kotori\source\repos\Astar\Graphics.cpp(81,47): warning C4244: 'argument': conversion from 'float' to 'int', possible loss of data
C:\Users\Kotori\source\repos\Astar\Graphics.cpp(81,43): warning C4244: 'argument': conversion from 'float' to 'int', possible loss of data
C:\Users\Kotori\source\repos\Astar\Graphics.cpp(81,39): warning C4244: 'argument': conversion from 'float' to 'int', possible loss of data
C:\Users\Kotori\source\repos\Astar\Graphics.cpp(81,35): warning C4244: 'argument': conversion from 'float' to 'int', possible loss of data
C:\Users\Kotori\source\repos\Astar\Graphics.cpp(88,30): warning C4838: conversion from 'float' to 'int' requires a narrowing conversion
C:\Users\Kotori\source\repos\Astar\Graphics.cpp(88,30): warning C4244: 'initializing': conversion from 'float' to 'int', possible loss of data
C:\Users\Kotori\source\repos\Astar\Graphics.cpp(88,37): warning C4838: conversion from 'float' to 'int' requires a narrowing conversion
C:\Users\Kotori\source\repos\Astar\Graphics.cpp(88,37): warning C4244: 'initializing': conversion from 'float' to 'int', possible loss of data
  Grid.cpp
C:\Users\Kotori\source\repos\Astar\Grid.cpp(27,34): warning C4244: '=': conversion from 'float' to 'int', possible loss of data
C:\Users\Kotori\source\repos\Astar\Grid.cpp(28,36): warning C4244: '=': conversion from 'float' to 'int', possible loss of data
C:\Users\Kotori\source\repos\Astar\Grid.cpp(57,20): warning C4018: '<': signed/unsigned mismatch
C:\Users\Kotori\source\repos\Astar\Grid.cpp(65,50): warning C4244: 'argument': conversion from 'const int' to 'float', possible loss of data
C:\Users\Kotori\source\repos\Astar\Grid.cpp(70,60): warning C4244: 'argument': conversion from 'const int' to 'float', possible loss of data
C:\Users\Kotori\source\repos\Astar\Grid.cpp(125,10): warning C4244: 'initializing': conversion from 'double' to 'int', possible loss of data
C:\Users\Kotori\source\repos\Astar\Grid.cpp(126,10): warning C4244: 'initializing': conversion from 'double' to 'int', possible loss of data
C:\Users\Kotori\source\repos\Astar\Grid.cpp(144,9): warning C4244: 'initializing': conversion from 'double' to 'int', possible loss of data
C:\Users\Kotori\source\repos\Astar\Grid.cpp(145,9): warning C4244: 'initializing': conversion from 'double' to 'int', possible loss of data
C:\Users\Kotori\source\repos\Astar\Grid.cpp(164,10): warning C4244: 'initializing': conversion from 'double' to 'int', possible loss of data
C:\Users\Kotori\source\repos\Astar\Grid.cpp(165,10): warning C4244: 'initializing': conversion from 'double' to 'int', possible loss of data
C:\Users\Kotori\source\repos\Astar\Grid.cpp(181,9): warning C4244: 'initializing': conversion from 'double' to 'int', possible loss of data
C:\Users\Kotori\source\repos\Astar\Grid.cpp(182,9): warning C4244: 'initializing': conversion from 'double' to 'int', possible loss of data
C:\Users\Kotori\source\repos\Astar\Grid.cpp(199,9): warning C4244: 'initializing': conversion from 'double' to 'int', possible loss of data
C:\Users\Kotori\source\repos\Astar\Grid.cpp(200,9): warning C4244: 'initializing': conversion from 'double' to 'int', possible loss of data
C:\Users\Kotori\source\repos\Astar\Grid.cpp(213,9): warning C4244: 'initializing': conversion from 'double' to 'int', possible loss of data
C:\Users\Kotori\source\repos\Astar\Grid.cpp(214,9): warning C4244: 'initializing': conversion from 'double' to 'int', possible loss of data
C:\Users\Kotori\source\repos\Astar\Grid.cpp(220,22): warning C4018: '<': signed/unsigned mismatch
C:\Users\Kotori\source\repos\Astar\Grid.cpp(241,21): warning C4018: '<': signed/unsigned mismatch
C:\Users\Kotori\source\repos\Astar\Grid.cpp(256,20): warning C4018: '<': signed/unsigned mismatch
  InputManager.cpp
  Main.cpp
  Generating Code...
C:\Users\Kotori\source\repos\Astar\Astar.cpp(104): warning C4715: 'Astar::CreatePath': not all control paths return a value
  A-star.vcxproj -> C:\Users\Kotori\source\repos\Astar\Debug\A-star.exe
